Browserslist: caniuse-lite is outdated. Please run:
  npx update-browserslist-db@latest
  Why you should do it regularly: https://github.com/browserslist/update-db#readme
assets by path [1m[32m*.js[39m[22m 2.37 MiB
  assets by chunk 895 KiB (id hint: vendors)
    asset [1m[33m593.js[39m[22m [1m[33m524 KiB[39m[22m [1m[32m[emitted][39m[22m [1m[32m[minimized][39m[22m [1m[33m[big][39m[22m (id hint: vendors) 2 related assets
    asset [1m[32m788.js[39m[22m 130 KiB [1m[32m[emitted][39m[22m [1m[32m[minimized][39m[22m (id hint: vendors) 2 related assets
    asset [1m[32m272.js[39m[22m 85.3 KiB [1m[32m[emitted][39m[22m [1m[32m[minimized][39m[22m (id hint: vendors) 1 related asset
    asset [1m[32m642.js[39m[22m 74.3 KiB [1m[32m[emitted][39m[22m [1m[32m[minimized][39m[22m (id hint: vendors) 1 related asset
    asset [1m[32m63.js[39m[22m 49.7 KiB [1m[32m[emitted][39m[22m [1m[32m[minimized][39m[22m (id hint: vendors) 2 related assets
    asset [1m[32m657.js[39m[22m 20.1 KiB [1m[32m[emitted][39m[22m [1m[32m[minimized][39m[22m (id hint: vendors) 1 related asset
    asset [1m[32m56.js[39m[22m 6.03 KiB [1m[32m[emitted][39m[22m [1m[32m[minimized][39m[22m (id hint: vendors) 1 related asset
    asset [1m[32m126.js[39m[22m 5.55 KiB [1m[32m[emitted][39m[22m [1m[32m[minimized][39m[22m (id hint: vendors) 2 related assets
  + 25 assets
assets by path [1m[32m*.json[39m[22m 17.6 KiB
  asset [1m[32mopenmrs-esm-login-app.js.buildmanifest.json[39m[22m 16.7 KiB [1m[32m[emitted][39m[22m
  asset [1m[32mroutes.json[39m[22m 904 bytes [1m[32m[emitted][39m[22m [from: src/routes.json] [1m[32m[copied][39m[22m
orphan modules 4 MiB [1m[33m[orphan][39m[22m 562 modules
runtime modules 42.2 KiB 28 modules
built modules 7.38 MiB (javascript) 420 bytes (consume-shared) 378 bytes (share-init) [1m[33m[built][39m[22m
  javascript modules 7.37 MiB 85 modules
  optional modules 15.6 KiB [1m[33m[optional][39m[22m
    [1m./translations/am.json[39m[22m 1.67 KiB [1m[33m[optional][39m[22m [1m[33m[built][39m[22m [1m[33m[code generated][39m[22m
    [1m./translations/ar.json[39m[22m 1.65 KiB [1m[33m[optional][39m[22m [1m[33m[built][39m[22m [1m[33m[code generated][39m[22m
    + 13 modules
  consume-shared-module modules 420 bytes
    modules by path [1mconsume shared module (default) swr/[39m[22m 126 bytes 3 modules
    modules by path [1mconsume shared module (default) @openmrs/[39m[22m 84 bytes 2 modules
    + 5 modules
  provide-module modules 378 bytes
    modules by path [1mprovide shared module (default) swr/[39m[22m 126 bytes 3 modules
    + 6 modules

[1m[33mWARNING[39m[22m in [1masset size limit: The following asset(s) exceed the recommended size limit (244 KiB).
This can impact web performance.
Assets: 
  main.js (263 KiB)
  889.js (1.04 MiB)
  593.js (524 KiB)[39m[22m

[1m[33mWARNING[39m[22m in [1mentrypoint size limit: The following entrypoint(s) combined asset size exceeds the recommended limit (244 KiB). This can impact web performance.
Entrypoints:
  main (263 KiB)
      main.js
[39m[22m

webpack 5.88.0 compiled with [1m[33m2 warnings[39m[22m in 269838 ms
